<?xml version="1.0" encoding="utf-8"?><testsuites name="pytest tests"><testsuite name="pytest" errors="0" failures="0" skipped="0" tests="14" time="10.451" timestamp="2026-07-23T06:05:39.113866+00:00" hostname="agent-env-d8f4dd81-7ad1-4b19-9369-af68b5dba891"><testcase classname="tests.backend_test.TestQuestionnaire" name="test_get_questions" time="0.130" /><testcase classname="tests.backend_test.TestProducts" name="test_get_all_products" time="0.165" /><testcase classname="tests.backend_test.TestQuestionnaire" name="test_submit_low_score" time="0.095" /><testcase classname="tests.backend_test.TestProducts" name="test_filter_by_category[Stocks]" time="0.086" /><testcase classname="tests.backend_test.TestQuestionnaire" name="test_submit_mid_score" time="0.091" /><testcase classname="tests.backend_test.TestProducts" name="test_filter_by_category[Mutual Funds]" time="0.042" /><testcase classname="tests.backend_test.TestProducts" name="test_filter_by_category[ETFs]" time="0.044" /><testcase classname="tests.backend_test.TestQuestionnaire" name="test_submit_high_score" time="0.169" /><testcase classname="tests.backend_test.TestProducts" name="test_filter_by_category[Bonds]" time="0.044" /><testcase classname="tests.backend_test.TestProducts" name="test_filter_by_category[Crypto]" time="0.043" /><testcase classname="tests.backend_test.TestProducts" name="test_filter_all_alias" time="0.047" /><testcase classname="tests.backend_test.TestPortfolio" name="test_get_portfolio" time="0.045" /><testcase classname="tests.backend_test.TestChat" name="test_chat_stream_returns_content" time="9.391" /><testcase classname="tests.backend_test.TestChat" name="test_chat_history_empty_session" time="0.045" /></testsuite></testsuites>